\BOOKMARK [1][-]{section.1}{Einleitung}{}% 1
\BOOKMARK [2][-]{subsection.1.1}{Ausgangslage}{section.1}% 2
\BOOKMARK [2][-]{subsection.1.2}{Ziele der Arbeit}{section.1}% 3
\BOOKMARK [2][-]{subsection.1.3}{Aufgabenstellung}{section.1}% 4
\BOOKMARK [2][-]{subsection.1.4}{Erwartete Resultate}{section.1}% 5
\BOOKMARK [1][-]{section.2}{Grundlagen}{}% 6
\BOOKMARK [2][-]{subsection.2.1}{Grundlagen der Erdvermessung}{section.2}% 7
\BOOKMARK [2][-]{subsection.2.2}{Georeferenzierung}{section.2}% 8
\BOOKMARK [2][-]{subsection.2.3}{World Geodetic System 1984}{section.2}% 9
\BOOKMARK [2][-]{subsection.2.4}{Global Positioning System}{section.2}% 10
\BOOKMARK [2][-]{subsection.2.5}{Distanzberechnung zwischen GPS Koordinaten}{section.2}% 11
\BOOKMARK [2][-]{subsection.2.6}{Das GPX Datenformat}{section.2}% 12
\BOOKMARK [1][-]{section.3}{Umsetzung}{}% 13
\BOOKMARK [2][-]{subsection.3.1}{Android App}{section.3}% 14
\BOOKMARK [2][-]{subsection.3.2}{Distanzberechnung}{section.3}% 15
\BOOKMARK [2][-]{subsection.3.3}{Akkumessung}{section.3}% 16
\BOOKMARK [2][-]{subsection.3.4}{GPS XML}{section.3}% 17
\BOOKMARK [1][-]{section.4}{Analyse}{}% 18
\BOOKMARK [2][-]{subsection.4.1}{Genauigkeit der Daten}{section.4}% 19
\BOOKMARK [2][-]{subsection.4.2}{Akkuverbrauch}{section.4}% 20
\BOOKMARK [2][-]{subsection.4.3}{Verwendbarkeit der Daten}{section.4}% 21
\BOOKMARK [1][-]{section.5}{Fazit}{}% 22
